--------- beginning of main
04-10 17:20:34.998 25597 25597 E libc    : Access denied finding property "ro.vendor.at_library"
--------- beginning of system
04-10 17:20:37.857 25617 25617 E libc    : Access denied finding property "ro.vendor.at_library"
04-10 17:20:39.214 25648 25648 F Vector  : Vector<> have different types (this=0xbe96f524, rhs=0xbe96f594)
--------- beginning of crash
04-10 17:20:39.214 25648 25648 F libc    : Fatal signal 6 (SIGABRT), code -6 (SI_TKILL) in tid 25648 (minicap), pid 25648 (minicap)
04-10 17:20:39.263 25653 25653 F DEBUG   : *** *** *** *** *** *** *** *** *** *** *** *** *** *** *** ***
04-10 17:20:39.263 25653 25653 F DEBUG   : Build fingerprint: 'Xiaomi/olivelite/olivelite:9/PKQ1.190319.001/V11.0.8.0.PCPCNXM:user/release-keys'
04-10 17:20:39.263 25653 25653 F DEBUG   : Revision: '0'
04-10 17:20:39.263 25653 25653 F DEBUG   : ABI: 'arm'
04-10 17:20:39.263 25653 25653 F DEBUG   : pid: 25648, tid: 25648, name: minicap  >>> /data/local/tmp/minicap <<<
04-10 17:20:39.263 25653 25653 F DEBUG   : signal 6 (SIGABRT), code -6 (SI_TKILL), fault addr --------
04-10 17:20:39.263 25653 25653 F DEBUG   : Abort message: 'Vector<> have different types (this=0xbe96f524, rhs=0xbe96f594)'
04-10 17:20:39.263 25653 25653 F DEBUG   :     r0  00000000  r1  00006430  r2  00000006  r3  00000008
04-10 17:20:39.263 25653 25653 F DEBUG   :     r4  00006430  r5  00006430  r6  be96f0bc  r7  0000010c
04-10 17:20:39.263 25653 25653 F DEBUG   :     r8  aa35fe08  r9  aa35fe0c  r10 aa35fca8  r11 be96f524
04-10 17:20:39.263 25653 25653 F DEBUG   :     ip  aa6313d8  sp  be96f0a8  lr  aa5a0639  pc  aa597e5e
04-10 17:20:39.282 25653 25653 F DEBUG   : 
04-10 17:20:39.282 25653 25653 F DEBUG   : backtrace:
04-10 17:20:39.283 25653 25653 F DEBUG   :     #00 pc 0001ce5e  /system/lib/libc.so (abort+58)
04-10 17:20:39.283 25653 25653 F DEBUG   :     #01 pc 00007e19  /system/lib/liblog.so (__android_log_assert+156)
04-10 17:20:39.283 25653 25653 F DEBUG   :     #02 pc 0000d8b3  /system/lib/libutils.so (android::VectorImpl::operator=(android::VectorImpl const&)+118)
04-10 17:20:39.283 25653 25653 F DEBUG   :     #03 pc 000691dd  /system/lib/libgui.so (android::SurfaceComposerClient::Transaction::apply(bool)+520)
04-10 17:20:39.283 25653 25653 F DEBUG   :     #04 pc 00002c43  /data/local/tmp/minicap.so
04-10 17:20:39.283 25653 25653 F DEBUG   :     #05 pc 00007bf3  /data/local/tmp/minicap
04-10 17:20:39.283 25653 25653 F DEBUG   :     #06 pc 0009cacd  /system/lib/libc.so (__libc_init+48)
04-10 17:20:39.283 25653 25653 F DEBUG   :     #07 pc 00008ce0  /data/local/tmp/minicap
04-10 17:20:39.343   694   855 E storaged: getDiskStats failed with result NOT_SUPPORTED and size 0
04-10 17:20:41.073 25663 25663 E libc    : Access denied finding property "ro.vendor.at_library"
04-10 17:20:42.728  2101  2101 E PhoneInterfaceManager: [PhoneIntfMgr] getCarrierPackageNamesForIntent: No UICC
04-10 17:20:42.730  2101  2101 E PhoneInterfaceManager: [PhoneIntfMgr] getCarrierPackageNamesForIntent: No UICC
04-10 17:20:43.021  2360  2360 E libc    : Access denied finding property "persist.sys.thermal.config"
04-10 17:20:43.082  3157  3157 E Launcher: changeViewByFsGestureState,  view=FitSystemWindowView,  alpha=1.0,  scale=1.0
04-10 17:20:43.082  3157  3157 E Launcher: changeViewByFsGestureState,  view=ShortcutMenuLayer,  alpha=1.0,  scale=1.0
04-10 17:20:43.328 25694 25694 E libc    : Access denied finding property "ro.vendor.at_library"
04-10 17:20:43.417  1493 13794 E ANDR-PERF-JNI: Iop tryGetService failed
04-10 17:20:43.482 25710 25710 E miui.calculato: Not starting debugger since process cannot load the jdwp agent.
04-10 17:20:43.649 25710 25738 E Logger  : No available log folder
04-10 17:20:43.652 25710 25738 E Logger  : No available log folder
04-10 17:20:43.655 25710 25737 E MvsClientImpl: bind failed
04-10 17:20:43.656 25710 25738 E Logger  : No available log folder
04-10 17:20:43.666 25710 25710 E DeviceLevel: MiDeviceLevelBridge(): Load Class Exception:java.lang.ClassNotFoundException: Didn't find class "com.miui.performance.DeviceLevelUtils" on path: DexPathList[[zip file "/system/framework/MiuiBooster.jar"],nativeLibraryDirectories=[/system/lib]]
04-10 17:20:43.807  2360  2360 E libc    : Access denied finding property "persist.sys.thermal.config"
04-10 17:20:43.916 25710 25710 E RecyclerView: No adapter attached; skipping layout
04-10 17:20:45.181 25710 25710 E DeviceUtils: DeviceLevel(): Load Class Exception:java.lang.ClassNotFoundException: Didn't find class "com.miui.performance.DeviceLevelUtils" on path: DexPathList[[zip file "/system/framework/MiuiBooster.jar"],nativeLibraryDirectories=[/system/lib]]
04-10 17:20:45.182 25710 25710 E DeviceUtils: getDeviceLevel failed , e:java.lang.NullPointerException: Attempt to invoke virtual method 'java.lang.Object java.lang.reflect.Method.invoke(java.lang.Object, java.lang.Object[])' on a null object reference
04-10 17:20:45.204 25710 25710 E DeviceUtils: getDeviceLevel failed , e:java.lang.NullPointerException: Attempt to invoke virtual method 'java.lang.Object java.lang.reflect.Method.invoke(java.lang.Object, java.lang.Object[])' on a null object reference
04-10 17:20:54.326 19979 25683 E adbd    : error reading protocol FD 59: Connection reset by peer
04-10 17:20:54.407 22530 25809 E fi.iki.elonen.NanoHTTPD: Could not send response to the client
04-10 17:20:54.407 22530 25809 E fi.iki.elonen.NanoHTTPD: java.net.SocketException: Broken pipe
04-10 17:20:54.407 22530 25809 E fi.iki.elonen.NanoHTTPD: 	at java.net.SocketOutputStream.socketWrite0(Native Method)
04-10 17:20:54.407 22530 25809 E fi.iki.elonen.NanoHTTPD: 	at java.net.SocketOutputStream.socketWrite(SocketOutputStream.java:117)
04-10 17:20:54.407 22530 25809 E fi.iki.elonen.NanoHTTPD: 	at java.net.SocketOutputStream.write(SocketOutputStream.java:149)
04-10 17:20:54.407 22530 25809 E fi.iki.elonen.NanoHTTPD: 	at fi.iki.elonen.NanoHTTPD$Response$ChunkedOutputStream.write(NanoHTTPD.java:1442)
04-10 17:20:54.407 22530 25809 E fi.iki.elonen.NanoHTTPD: 	at fi.iki.elonen.NanoHTTPD$Response$ChunkedOutputStream.write(NanoHTTPD.java:1435)
04-10 17:20:54.407 22530 25809 E fi.iki.elonen.NanoHTTPD: 	at java.util.zip.GZIPOutputStream.writeHeader(GZIPOutputStream.java:182)
04-10 17:20:54.407 22530 25809 E fi.iki.elonen.NanoHTTPD: 	at java.util.zip.GZIPOutputStream.<init>(GZIPOutputStream.java:94)
04-10 17:20:54.407 22530 25809 E fi.iki.elonen.NanoHTTPD: 	at java.util.zip.GZIPOutputStream.<init>(GZIPOutputStream.java:109)
04-10 17:20:54.407 22530 25809 E fi.iki.elonen.NanoHTTPD: 	at fi.iki.elonen.NanoHTTPD$Response.sendBodyWithCorrectEncoding(NanoHTTPD.java:1663)
04-10 17:20:54.407 22530 25809 E fi.iki.elonen.NanoHTTPD: 	at fi.iki.elonen.NanoHTTPD$Response.sendBodyWithCorrectTransferAndEncoding(NanoHTTPD.java:1654)
04-10 17:20:54.407 22530 25809 E fi.iki.elonen.NanoHTTPD: 	at fi.iki.elonen.NanoHTTPD$Response.send(NanoHTTPD.java:1624)
04-10 17:20:54.407 22530 25809 E fi.iki.elonen.NanoHTTPD: 	at fi.iki.elonen.NanoHTTPD$HTTPSession.execute(NanoHTTPD.java:957)
04-10 17:20:54.407 22530 25809 E fi.iki.elonen.NanoHTTPD: 	at fi.iki.elonen.NanoHTTPD$ClientHandler.run(NanoHTTPD.java:192)
04-10 17:20:54.407 22530 25809 E fi.iki.elonen.NanoHTTPD: 	at java.lang.Thread.run(Thread.java:764)
